

Started GET "/" for 127.0.0.1 at 2015-05-05 10:32:52 -0400
  [1m[36mActiveRecord::SchemaMigration Load (15.2ms)[0m  [1mSELECT "schema_migrations".* FROM "schema_migrations"[0m
Processing by StaticPagesController#root as HTML
  Rendered shared/_templates.html (0.5ms)
  Rendered static_pages/root.html.erb within layouts/application (16.1ms)
Completed 200 OK in 465ms (Views: 464.4ms | ActiveRecord: 0.0ms)


Started GET "/assets/pokedex-4.js?body=1" for 127.0.0.1 at 2015-05-05 10:32:54 -0400


Started GET "/assets/pokedex-5.js?body=1" for 127.0.0.1 at 2015-05-05 10:32:54 -0400


Started GET "/assets/application.css?body=1" for 127.0.0.1 at 2015-05-05 10:32:54 -0400


Started GET "/assets/jquery.js?body=1" for 127.0.0.1 at 2015-05-05 10:32:54 -0400


Started GET "/assets/pokedex-6.js?body=1" for 127.0.0.1 at 2015-05-05 10:32:54 -0400


Started GET "/assets/jquery.serializejson.min.js?body=1" for 127.0.0.1 at 2015-05-05 10:32:54 -0400


Started GET "/assets/pokedex-7.js?body=1" for 127.0.0.1 at 2015-05-05 10:32:54 -0400


Started GET "/assets/underscore.js?body=1" for 127.0.0.1 at 2015-05-05 10:32:54 -0400


Started GET "/assets/jquery_ujs.js?body=1" for 127.0.0.1 at 2015-05-05 10:32:54 -0400


Started GET "/assets/pokedex-1C.js?body=1" for 127.0.0.1 at 2015-05-05 10:32:54 -0400


Started GET "/assets/pokedex-0.js?body=1" for 127.0.0.1 at 2015-05-05 10:32:54 -0400


Started GET "/assets/pokedex-3.js?body=1" for 127.0.0.1 at 2015-05-05 10:32:54 -0400


Started GET "/assets/pokedex-1A.js?body=1" for 127.0.0.1 at 2015-05-05 10:32:54 -0400


Started GET "/assets/pokedex-2.js?body=1" for 127.0.0.1 at 2015-05-05 10:32:54 -0400


Started GET "/assets/backbone.js?body=1" for 127.0.0.1 at 2015-05-05 10:32:54 -0400


Started GET "/assets/pokedex-1B.js?body=1" for 127.0.0.1 at 2015-05-05 10:32:54 -0400


Started GET "/assets/application.js?body=1" for 127.0.0.1 at 2015-05-05 10:32:54 -0400


Started GET "/assets/pokemon_bg.jpg" for 127.0.0.1 at 2015-05-05 10:32:54 -0400


Started GET "/pokemon" for 127.0.0.1 at 2015-05-05 10:32:54 -0400
Processing by PokemonController#index as JSON
  [1m[35mPokemon Load (4.6ms)[0m  SELECT "pokemons".* FROM "pokemons"
  Rendered pokemon/_pokemon.json.jbuilder (11.4ms)
  Rendered pokemon/_pokemon.json.jbuilder (0.3ms)
  Rendered pokemon/_pokemon.json.jbuilder (0.3ms)
  Rendered pokemon/_pokemon.json.jbuilder (0.3ms)
  Rendered pokemon/_pokemon.json.jbuilder (0.3ms)
  Rendered pokemon/_pokemon.json.jbuilder (0.3ms)
  Rendered pokemon/_pokemon.json.jbuilder (0.3ms)
  Rendered pokemon/_pokemon.json.jbuilder (0.3ms)
  Rendered pokemon/_pokemon.json.jbuilder (0.3ms)
  Rendered pokemon/_pokemon.json.jbuilder (0.3ms)
  Rendered pokemon/_pokemon.json.jbuilder (0.4ms)
  Rendered pokemon/_pokemon.json.jbuilder (1.0ms)
  Rendered pokemon/_pokemon.json.jbuilder (0.3ms)
  Rendered pokemon/_pokemon.json.jbuilder (0.3ms)
  Rendered pokemon/_pokemon.json.jbuilder (0.3ms)
  Rendered pokemon/_pokemon.json.jbuilder (0.2ms)
  Rendered pokemon/_pokemon.json.jbuilder (0.3ms)
  Rendered pokemon/_pokemon.json.jbuilder (0.2ms)
  Rendered pokemon/_pokemon.json.jbuilder (0.2ms)
  Rendered pokemon/_pokemon.json.jbuilder (0.2ms)
  Rendered pokemon/_pokemon.json.jbuilder (0.2ms)
  Rendered pokemon/_pokemon.json.jbuilder (0.7ms)
  Rendered pokemon/_pokemon.json.jbuilder (0.3ms)
  Rendered pokemon/_pokemon.json.jbuilder (0.3ms)
  Rendered pokemon/_pokemon.json.jbuilder (0.3ms)
  Rendered pokemon/_pokemon.json.jbuilder (0.2ms)
  Rendered pokemon/_pokemon.json.jbuilder (0.3ms)
  Rendered pokemon/_pokemon.json.jbuilder (0.3ms)
  Rendered pokemon/_pokemon.json.jbuilder (0.3ms)
  Rendered pokemon/_pokemon.json.jbuilder (0.3ms)
  Rendered pokemon/_pokemon.json.jbuilder (0.3ms)
  Rendered pokemon/_pokemon.json.jbuilder (0.2ms)
  Rendered pokemon/_pokemon.json.jbuilder (0.4ms)
  Rendered pokemon/_pokemon.json.jbuilder (0.2ms)
  Rendered pokemon/_pokemon.json.jbuilder (0.3ms)
  Rendered pokemon/_pokemon.json.jbuilder (0.6ms)
  Rendered pokemon/_pokemon.json.jbuilder (0.6ms)
  Rendered pokemon/_pokemon.json.jbuilder (0.4ms)
  Rendered pokemon/_pokemon.json.jbuilder (0.5ms)
  Rendered pokemon/_pokemon.json.jbuilder (0.3ms)
  Rendered pokemon/_pokemon.json.jbuilder (0.4ms)
  Rendered pokemon/_pokemon.json.jbuilder (1.4ms)
  Rendered pokemon/_pokemon.json.jbuilder (0.4ms)
  Rendered pokemon/_pokemon.json.jbuilder (0.6ms)
  Rendered pokemon/_pokemon.json.jbuilder (0.3ms)
  Rendered pokemon/_pokemon.json.jbuilder (0.3ms)
  Rendered pokemon/_pokemon.json.jbuilder (0.4ms)
  Rendered pokemon/_pokemon.json.jbuilder (0.3ms)
  Rendered pokemon/_pokemon.json.jbuilder (1.6ms)
  Rendered pokemon/_pokemon.json.jbuilder (0.4ms)
  Rendered pokemon/_pokemon.json.jbuilder (0.4ms)
  Rendered pokemon/_pokemon.json.jbuilder (0.7ms)
  Rendered pokemon/_pokemon.json.jbuilder (0.2ms)
  Rendered pokemon/_pokemon.json.jbuilder (0.2ms)
  Rendered pokemon/_pokemon.json.jbuilder (0.4ms)
  Rendered pokemon/_pokemon.json.jbuilder (0.4ms)
  Rendered pokemon/_pokemon.json.jbuilder (0.5ms)
  Rendered pokemon/_pokemon.json.jbuilder (0.4ms)
  Rendered pokemon/_pokemon.json.jbuilder (0.6ms)
  Rendered pokemon/_pokemon.json.jbuilder (0.3ms)
  Rendered pokemon/_pokemon.json.jbuilder (0.6ms)
  Rendered pokemon/_pokemon.json.jbuilder (0.3ms)
  Rendered pokemon/_pokemon.json.jbuilder (0.3ms)
  Rendered pokemon/_pokemon.json.jbuilder (0.3ms)
  Rendered pokemon/_pokemon.json.jbuilder (0.3ms)
  Rendered pokemon/_pokemon.json.jbuilder (0.3ms)
  Rendered pokemon/_pokemon.json.jbuilder (0.3ms)
  Rendered pokemon/_pokemon.json.jbuilder (0.3ms)
  Rendered pokemon/_pokemon.json.jbuilder (0.3ms)
  Rendered pokemon/_pokemon.json.jbuilder (0.2ms)
  Rendered pokemon/_pokemon.json.jbuilder (0.2ms)
  Rendered pokemon/_pokemon.json.jbuilder (0.2ms)
  Rendered pokemon/_pokemon.json.jbuilder (0.2ms)
  Rendered pokemon/_pokemon.json.jbuilder (0.3ms)
  Rendered pokemon/_pokemon.json.jbuilder (0.3ms)
  Rendered pokemon/_pokemon.json.jbuilder (0.3ms)
  Rendered pokemon/_pokemon.json.jbuilder (0.4ms)
  Rendered pokemon/_pokemon.json.jbuilder (0.8ms)
  Rendered pokemon/_pokemon.json.jbuilder (0.3ms)
  Rendered pokemon/_pokemon.json.jbuilder (0.5ms)
  Rendered pokemon/_pokemon.json.jbuilder (0.4ms)
  Rendered pokemon/_pokemon.json.jbuilder (0.3ms)
  Rendered pokemon/_pokemon.json.jbuilder (0.3ms)
  Rendered pokemon/_pokemon.json.jbuilder (0.3ms)
  Rendered pokemon/_pokemon.json.jbuilder (0.4ms)
  Rendered pokemon/_pokemon.json.jbuilder (0.2ms)
  Rendered pokemon/_pokemon.json.jbuilder (0.3ms)
  Rendered pokemon/_pokemon.json.jbuilder (0.3ms)
  Rendered pokemon/_pokemon.json.jbuilder (0.2ms)
  Rendered pokemon/_pokemon.json.jbuilder (0.3ms)
  Rendered pokemon/_pokemon.json.jbuilder (0.3ms)
  Rendered pokemon/_pokemon.json.jbuilder (0.4ms)
  Rendered pokemon/_pokemon.json.jbuilder (0.3ms)
  Rendered pokemon/_pokemon.json.jbuilder (0.5ms)
  Rendered pokemon/_pokemon.json.jbuilder (0.4ms)
  Rendered pokemon/_pokemon.json.jbuilder (0.3ms)
  Rendered pokemon/_pokemon.json.jbuilder (0.3ms)
  Rendered pokemon/_pokemon.json.jbuilder (0.4ms)
  Rendered pokemon/_pokemon.json.jbuilder (0.3ms)
  Rendered pokemon/_pokemon.json.jbuilder (0.3ms)
  Rendered pokemon/_pokemon.json.jbuilder (0.3ms)
  Rendered pokemon/_pokemon.json.jbuilder (0.3ms)
  Rendered pokemon/_pokemon.json.jbuilder (0.3ms)
  Rendered pokemon/_pokemon.json.jbuilder (0.4ms)
  Rendered pokemon/_pokemon.json.jbuilder (0.3ms)
  Rendered pokemon/_pokemon.json.jbuilder (0.3ms)
  Rendered pokemon/_pokemon.json.jbuilder (0.3ms)
  Rendered pokemon/_pokemon.json.jbuilder (0.4ms)
  Rendered pokemon/_pokemon.json.jbuilder (0.7ms)
  Rendered pokemon/_pokemon.json.jbuilder (0.4ms)
  Rendered pokemon/_pokemon.json.jbuilder (0.4ms)
  Rendered pokemon/_pokemon.json.jbuilder (0.3ms)
  Rendered pokemon/_pokemon.json.jbuilder (0.4ms)
  Rendered pokemon/_pokemon.json.jbuilder (0.3ms)
  Rendered pokemon/_pokemon.json.jbuilder (0.3ms)
  Rendered pokemon/_pokemon.json.jbuilder (0.3ms)
  Rendered pokemon/_pokemon.json.jbuilder (0.3ms)
  Rendered pokemon/_pokemon.json.jbuilder (0.3ms)
  Rendered pokemon/_pokemon.json.jbuilder (0.3ms)
  Rendered pokemon/_pokemon.json.jbuilder (0.3ms)
  Rendered pokemon/_pokemon.json.jbuilder (0.3ms)
  Rendered pokemon/_pokemon.json.jbuilder (0.6ms)
  Rendered pokemon/_pokemon.json.jbuilder (0.3ms)
  Rendered pokemon/_pokemon.json.jbuilder (0.3ms)
  Rendered pokemon/_pokemon.json.jbuilder (0.2ms)
  Rendered pokemon/_pokemon.json.jbuilder (0.3ms)
  Rendered pokemon/_pokemon.json.jbuilder (0.3ms)
  Rendered pokemon/_pokemon.json.jbuilder (0.3ms)
  Rendered pokemon/_pokemon.json.jbuilder (0.3ms)
  Rendered pokemon/_pokemon.json.jbuilder (0.2ms)
  Rendered pokemon/_pokemon.json.jbuilder (0.3ms)
  Rendered pokemon/_pokemon.json.jbuilder (0.3ms)
  Rendered pokemon/_pokemon.json.jbuilder (0.5ms)
  Rendered pokemon/_pokemon.json.jbuilder (0.3ms)
  Rendered pokemon/_pokemon.json.jbuilder (0.2ms)
  Rendered pokemon/_pokemon.json.jbuilder (0.3ms)
  Rendered pokemon/_pokemon.json.jbuilder (0.3ms)
  Rendered pokemon/_pokemon.json.jbuilder (0.3ms)
  Rendered pokemon/_pokemon.json.jbuilder (0.2ms)
  Rendered pokemon/_pokemon.json.jbuilder (0.3ms)
  Rendered pokemon/_pokemon.json.jbuilder (0.3ms)
  Rendered pokemon/_pokemon.json.jbuilder (0.2ms)
  Rendered pokemon/_pokemon.json.jbuilder (0.2ms)
  Rendered pokemon/_pokemon.json.jbuilder (0.2ms)
  Rendered pokemon/_pokemon.json.jbuilder (0.2ms)
  Rendered pokemon/_pokemon.json.jbuilder (0.3ms)
  Rendered pokemon/_pokemon.json.jbuilder (0.3ms)
  Rendered pokemon/_pokemon.json.jbuilder (0.7ms)
  Rendered pokemon/_pokemon.json.jbuilder (0.3ms)
  Rendered pokemon/_pokemon.json.jbuilder (0.4ms)
  Rendered pokemon/_pokemon.json.jbuilder (0.3ms)
  Rendered pokemon/_pokemon.json.jbuilder (0.3ms)
  Rendered pokemon/_pokemon.json.jbuilder (0.2ms)
  Rendered pokemon/_pokemon.json.jbuilder (0.2ms)
  Rendered pokemon/_pokemon.json.jbuilder (0.4ms)
  Rendered pokemon/_pokemon.json.jbuilder (0.4ms)
  Rendered pokemon/_pokemon.json.jbuilder (0.3ms)
  Rendered pokemon/_pokemon.json.jbuilder (0.4ms)
  Rendered pokemon/_pokemon.json.jbuilder (0.4ms)
  Rendered pokemon/_pokemon.json.jbuilder (0.3ms)
  Rendered pokemon/_pokemon.json.jbuilder (0.4ms)
  Rendered pokemon/_pokemon.json.jbuilder (0.4ms)
  Rendered pokemon/_pokemon.json.jbuilder (0.4ms)
  Rendered pokemon/_pokemon.json.jbuilder (0.3ms)
  Rendered pokemon/_pokemon.json.jbuilder (0.3ms)
  Rendered pokemon/_pokemon.json.jbuilder (0.4ms)
  Rendered pokemon/_pokemon.json.jbuilder (0.4ms)
  Rendered pokemon/_pokemon.json.jbuilder (0.2ms)
  Rendered pokemon/_pokemon.json.jbuilder (0.2ms)
  Rendered pokemon/_pokemon.json.jbuilder (0.2ms)
  Rendered pokemon/_pokemon.json.jbuilder (0.2ms)
  Rendered pokemon/_pokemon.json.jbuilder (0.2ms)
  Rendered pokemon/_pokemon.json.jbuilder (0.2ms)
  Rendered pokemon/_pokemon.json.jbuilder (0.2ms)
  Rendered pokemon/_pokemon.json.jbuilder (0.2ms)
  Rendered pokemon/_pokemon.json.jbuilder (0.1ms)
  Rendered pokemon/_pokemon.json.jbuilder (0.1ms)
  Rendered pokemon/_pokemon.json.jbuilder (0.1ms)
  Rendered pokemon/_pokemon.json.jbuilder (0.2ms)
  Rendered pokemon/_pokemon.json.jbuilder (0.1ms)
  Rendered pokemon/_pokemon.json.jbuilder (0.2ms)
  Rendered pokemon/_pokemon.json.jbuilder (0.2ms)
  Rendered pokemon/_pokemon.json.jbuilder (0.1ms)
  Rendered pokemon/_pokemon.json.jbuilder (0.2ms)
  Rendered pokemon/_pokemon.json.jbuilder (0.2ms)
  Rendered pokemon/_pokemon.json.jbuilder (0.2ms)
  Rendered pokemon/_pokemon.json.jbuilder (0.2ms)
  Rendered pokemon/_pokemon.json.jbuilder (0.2ms)
  Rendered pokemon/_pokemon.json.jbuilder (0.2ms)
  Rendered pokemon/_pokemon.json.jbuilder (0.3ms)
  Rendered pokemon/_pokemon.json.jbuilder (0.2ms)
  Rendered pokemon/_pokemon.json.jbuilder (0.3ms)
  Rendered pokemon/_pokemon.json.jbuilder (0.2ms)
  Rendered pokemon/_pokemon.json.jbuilder (0.1ms)
  Rendered pokemon/_pokemon.json.jbuilder (0.2ms)
  Rendered pokemon/_pokemon.json.jbuilder (0.2ms)
  Rendered pokemon/_pokemon.json.jbuilder (0.2ms)
  Rendered pokemon/_pokemon.json.jbuilder (0.2ms)
  Rendered pokemon/_pokemon.json.jbuilder (0.3ms)
  Rendered pokemon/_pokemon.json.jbuilder (0.2ms)
  Rendered pokemon/_pokemon.json.jbuilder (0.2ms)
  Rendered pokemon/_pokemon.json.jbuilder (0.1ms)
  Rendered pokemon/_pokemon.json.jbuilder (0.1ms)
  Rendered pokemon/_pokemon.json.jbuilder (0.1ms)
  Rendered pokemon/_pokemon.json.jbuilder (0.1ms)
  Rendered pokemon/_pokemon.json.jbuilder (0.2ms)
  Rendered pokemon/_pokemon.json.jbuilder (0.1ms)
  Rendered pokemon/_pokemon.json.jbuilder (0.3ms)
  Rendered pokemon/_pokemon.json.jbuilder (0.3ms)
  Rendered pokemon/_pokemon.json.jbuilder (0.3ms)
  Rendered pokemon/_pokemon.json.jbuilder (0.2ms)
  Rendered pokemon/_pokemon.json.jbuilder (0.5ms)
  Rendered pokemon/_pokemon.json.jbuilder (0.2ms)
  Rendered pokemon/_pokemon.json.jbuilder (0.1ms)
  Rendered pokemon/_pokemon.json.jbuilder (0.2ms)
  Rendered pokemon/_pokemon.json.jbuilder (0.2ms)
  Rendered pokemon/_pokemon.json.jbuilder (0.2ms)
  Rendered pokemon/_pokemon.json.jbuilder (0.1ms)
  Rendered pokemon/_pokemon.json.jbuilder (0.2ms)
  Rendered pokemon/_pokemon.json.jbuilder (0.1ms)
  Rendered pokemon/_pokemon.json.jbuilder (0.2ms)
  Rendered pokemon/_pokemon.json.jbuilder (0.1ms)
  Rendered pokemon/_pokemon.json.jbuilder (0.1ms)
  Rendered pokemon/_pokemon.json.jbuilder (0.1ms)
  Rendered pokemon/_pokemon.json.jbuilder (0.2ms)
  Rendered pokemon/_pokemon.json.jbuilder (0.1ms)
  Rendered pokemon/_pokemon.json.jbuilder (0.1ms)
  Rendered pokemon/_pokemon.json.jbuilder (0.1ms)
  Rendered pokemon/_pokemon.json.jbuilder (0.2ms)
  Rendered pokemon/_pokemon.json.jbuilder (0.1ms)
  Rendered pokemon/_pokemon.json.jbuilder (0.1ms)
  Rendered pokemon/_pokemon.json.jbuilder (0.1ms)
  Rendered pokemon/_pokemon.json.jbuilder (0.1ms)
  Rendered pokemon/_pokemon.json.jbuilder (0.1ms)
  Rendered pokemon/_pokemon.json.jbuilder (0.2ms)
  Rendered pokemon/_pokemon.json.jbuilder (0.3ms)
  Rendered pokemon/_pokemon.json.jbuilder (0.3ms)
  Rendered pokemon/_pokemon.json.jbuilder (0.2ms)
  Rendered pokemon/_pokemon.json.jbuilder (0.2ms)
  Rendered pokemon/_pokemon.json.jbuilder (0.1ms)
  Rendered pokemon/_pokemon.json.jbuilder (0.2ms)
  Rendered pokemon/_pokemon.json.jbuilder (0.1ms)
  Rendered pokemon/_pokemon.json.jbuilder (0.1ms)
  Rendered pokemon/_pokemon.json.jbuilder (0.1ms)
  Rendered pokemon/_pokemon.json.jbuilder (0.1ms)
  Rendered pokemon/_pokemon.json.jbuilder (0.1ms)
  Rendered pokemon/_pokemon.json.jbuilder (0.1ms)
  Rendered pokemon/_pokemon.json.jbuilder (0.1ms)
  Rendered pokemon/_pokemon.json.jbuilder (0.1ms)
  Rendered pokemon/_pokemon.json.jbuilder (0.1ms)
  Rendered pokemon/_pokemon.json.jbuilder (0.1ms)
  Rendered pokemon/_pokemon.json.jbuilder (0.1ms)
  Rendered pokemon/_pokemon.json.jbuilder (0.1ms)
  Rendered pokemon/_pokemon.json.jbuilder (0.2ms)
  Rendered pokemon/index.json.jbuilder (413.5ms)
Completed 200 OK in 421ms (Views: 412.7ms | ActiveRecord: 8.0ms)


Started GET "/pokemon/1" for 127.0.0.1 at 2015-05-05 10:33:06 -0400
Processing by PokemonController#show as JSON
  Parameters: {"id"=>"1"}
  [1m[36mPokemon Load (19.3ms)[0m  [1mSELECT  "pokemons".* FROM "pokemons"  WHERE "pokemons"."id" = $1 LIMIT 1[0m  [["id", 1]]
  [1m[35mToy Load (1.3ms)[0m  SELECT "toys".* FROM "toys"  WHERE "toys"."pokemon_id" = $1  [["pokemon_id", 1]]
  Rendered toys/_toy.json.jbuilder (5.9ms)
  Rendered pokemon/_pokemon.json.jbuilder (103.0ms)
  Rendered pokemon/show.json.jbuilder (104.1ms)
Completed 200 OK in 147ms (Views: 119.7ms | ActiveRecord: 23.7ms)


Started GET "/" for 127.0.0.1 at 2015-05-05 10:34:34 -0400
Processing by StaticPagesController#root as HTML
  Rendered shared/_templates.html (0.8ms)
  Rendered static_pages/root.html.erb within layouts/application (1.8ms)
Completed 200 OK in 139ms (Views: 139.2ms | ActiveRecord: 0.0ms)


Started GET "/assets/application.css?body=1" for 127.0.0.1 at 2015-05-05 10:34:35 -0400


Started GET "/assets/backbone.js?body=1" for 127.0.0.1 at 2015-05-05 10:34:35 -0400


Started GET "/assets/underscore.js?body=1" for 127.0.0.1 at 2015-05-05 10:34:35 -0400


Started GET "/assets/jquery_ujs.js?body=1" for 127.0.0.1 at 2015-05-05 10:34:35 -0400


Started GET "/assets/jquery.serializejson.min.js?body=1" for 127.0.0.1 at 2015-05-05 10:34:35 -0400


Started GET "/assets/jquery.js?body=1" for 127.0.0.1 at 2015-05-05 10:34:35 -0400


Started GET "/assets/pokedex-0.js?body=1" for 127.0.0.1 at 2015-05-05 10:34:35 -0400


Started GET "/assets/pokedex-1A.js?body=1" for 127.0.0.1 at 2015-05-05 10:34:35 -0400


Started GET "/assets/pokedex-1B.js?body=1" for 127.0.0.1 at 2015-05-05 10:34:35 -0400


Started GET "/assets/pokedex-1C.js?body=1" for 127.0.0.1 at 2015-05-05 10:34:35 -0400


Started GET "/assets/pokedex-2.js?body=1" for 127.0.0.1 at 2015-05-05 10:34:35 -0400


Started GET "/assets/pokedex-6.js?body=1" for 127.0.0.1 at 2015-05-05 10:34:35 -0400


Started GET "/assets/pokedex-4.js?body=1" for 127.0.0.1 at 2015-05-05 10:34:35 -0400


Started GET "/assets/pokedex-5.js?body=1" for 127.0.0.1 at 2015-05-05 10:34:35 -0400


Started GET "/assets/pokedex-3.js?body=1" for 127.0.0.1 at 2015-05-05 10:34:35 -0400


Started GET "/assets/pokedex-7.js?body=1" for 127.0.0.1 at 2015-05-05 10:34:35 -0400


Started GET "/assets/application.js?body=1" for 127.0.0.1 at 2015-05-05 10:34:35 -0400


Started GET "/pokemon" for 127.0.0.1 at 2015-05-05 10:34:35 -0400
Processing by PokemonController#index as JSON
  [1m[36mPokemon Load (1.8ms)[0m  [1mSELECT "pokemons".* FROM "pokemons"[0m
  Rendered pokemon/_pokemon.json.jbuilder (0.3ms)
  Rendered pokemon/_pokemon.json.jbuilder (0.2ms)
  Rendered pokemon/_pokemon.json.jbuilder (0.2ms)
  Rendered pokemon/_pokemon.json.jbuilder (0.2ms)
  Rendered pokemon/_pokemon.json.jbuilder (0.3ms)
  Rendered pokemon/_pokemon.json.jbuilder (0.5ms)
  Rendered pokemon/_pokemon.json.jbuilder (0.5ms)
  Rendered pokemon/_pokemon.json.jbuilder (0.4ms)
  Rendered pokemon/_pokemon.json.jbuilder (0.3ms)
  Rendered pokemon/_pokemon.json.jbuilder (0.3ms)
  Rendered pokemon/_pokemon.json.jbuilder (0.6ms)
  Rendered pokemon/_pokemon.json.jbuilder (0.4ms)
  Rendered pokemon/_pokemon.json.jbuilder (0.3ms)
  Rendered pokemon/_pokemon.json.jbuilder (0.4ms)
  Rendered pokemon/_pokemon.json.jbuilder (0.3ms)
  Rendered pokemon/_pokemon.json.jbuilder (0.3ms)
  Rendered pokemon/_pokemon.json.jbuilder (0.3ms)
  Rendered pokemon/_pokemon.json.jbuilder (0.4ms)
  Rendered pokemon/_pokemon.json.jbuilder (0.8ms)
  Rendered pokemon/_pokemon.json.jbuilder (0.3ms)
  Rendered pokemon/_pokemon.json.jbuilder (0.5ms)
  Rendered pokemon/_pokemon.json.jbuilder (0.4ms)
  Rendered pokemon/_pokemon.json.jbuilder (0.3ms)
  Rendered pokemon/_pokemon.json.jbuilder (0.4ms)
  Rendered pokemon/_pokemon.json.jbuilder (0.3ms)
  Rendered pokemon/_pokemon.json.jbuilder (0.3ms)
  Rendered pokemon/_pokemon.json.jbuilder (0.9ms)
  Rendered pokemon/_pokemon.json.jbuilder (0.4ms)
  Rendered pokemon/_pokemon.json.jbuilder (0.3ms)
  Rendered pokemon/_pokemon.json.jbuilder (0.3ms)
  Rendered pokemon/_pokemon.json.jbuilder (0.2ms)
  Rendered pokemon/_pokemon.json.jbuilder (0.4ms)
  Rendered pokemon/_pokemon.json.jbuilder (0.4ms)
  Rendered pokemon/_pokemon.json.jbuilder (0.3ms)
  Rendered pokemon/_pokemon.json.jbuilder (0.3ms)
  Rendered pokemon/_pokemon.json.jbuilder (0.2ms)
  Rendered pokemon/_pokemon.json.jbuilder (0.3ms)
  Rendered pokemon/_pokemon.json.jbuilder (0.2ms)
  Rendered pokemon/_pokemon.json.jbuilder (0.2ms)
  Rendered pokemon/_pokemon.json.jbuilder (0.3ms)
  Rendered pokemon/_pokemon.json.jbuilder (0.2ms)
  Rendered pokemon/_pokemon.json.jbuilder (0.2ms)
  Rendered pokemon/_pokemon.json.jbuilder (0.2ms)
  Rendered pokemon/_pokemon.json.jbuilder (0.2ms)
  Rendered pokemon/_pokemon.json.jbuilder (0.2ms)
  Rendered pokemon/_pokemon.json.jbuilder (0.2ms)
  Rendered pokemon/_pokemon.json.jbuilder (0.4ms)
  Rendered pokemon/_pokemon.json.jbuilder (0.2ms)
  Rendered pokemon/_pokemon.json.jbuilder (0.3ms)
  Rendered pokemon/_pokemon.json.jbuilder (0.2ms)
  Rendered pokemon/_pokemon.json.jbuilder (0.2ms)
  Rendered pokemon/_pokemon.json.jbuilder (0.2ms)
  Rendered pokemon/_pokemon.json.jbuilder (0.2ms)
  Rendered pokemon/_pokemon.json.jbuilder (0.2ms)
  Rendered pokemon/_pokemon.json.jbuilder (0.2ms)
  Rendered pokemon/_pokemon.json.jbuilder (0.2ms)
  Rendered pokemon/_pokemon.json.jbuilder (0.2ms)
  Rendered pokemon/_pokemon.json.jbuilder (0.1ms)
  Rendered pokemon/_pokemon.json.jbuilder (0.1ms)
  Rendered pokemon/_pokemon.json.jbuilder (0.1ms)
  Rendered pokemon/_pokemon.json.jbuilder (0.1ms)
  Rendered pokemon/_pokemon.json.jbuilder (0.1ms)
  Rendered pokemon/_pokemon.json.jbuilder (0.1ms)
  Rendered pokemon/_pokemon.json.jbuilder (0.1ms)
  Rendered pokemon/_pokemon.json.jbuilder (0.1ms)
  Rendered pokemon/_pokemon.json.jbuilder (0.1ms)
  Rendered pokemon/_pokemon.json.jbuilder (0.1ms)
  Rendered pokemon/_pokemon.json.jbuilder (0.1ms)
  Rendered pokemon/_pokemon.json.jbuilder (0.1ms)
  Rendered pokemon/_pokemon.json.jbuilder (0.1ms)
  Rendered pokemon/_pokemon.json.jbuilder (0.2ms)
  Rendered pokemon/_pokemon.json.jbuilder (0.3ms)
  Rendered pokemon/_pokemon.json.jbuilder (0.3ms)
  Rendered pokemon/_pokemon.json.jbuilder (0.3ms)
  Rendered pokemon/_pokemon.json.jbuilder (0.2ms)
  Rendered pokemon/_pokemon.json.jbuilder (0.3ms)
  Rendered pokemon/_pokemon.json.jbuilder (0.3ms)
  Rendered pokemon/_pokemon.json.jbuilder (0.2ms)
  Rendered pokemon/_pokemon.json.jbuilder (0.2ms)
  Rendered pokemon/_pokemon.json.jbuilder (0.2ms)
  Rendered pokemon/_pokemon.json.jbuilder (0.1ms)
  Rendered pokemon/_pokemon.json.jbuilder (0.1ms)
  Rendered pokemon/_pokemon.json.jbuilder (0.1ms)
  Rendered pokemon/_pokemon.json.jbuilder (0.1ms)
  Rendered pokemon/_pokemon.json.jbuilder (0.1ms)
  Rendered pokemon/_pokemon.json.jbuilder (0.1ms)
  Rendered pokemon/_pokemon.json.jbuilder (0.1ms)
  Rendered pokemon/_pokemon.json.jbuilder (0.1ms)
  Rendered pokemon/_pokemon.json.jbuilder (0.1ms)
  Rendered pokemon/_pokemon.json.jbuilder (0.1ms)
  Rendered pokemon/_pokemon.json.jbuilder (0.1ms)
  Rendered pokemon/_pokemon.json.jbuilder (0.1ms)
  Rendered pokemon/_pokemon.json.jbuilder (0.1ms)
  Rendered pokemon/_pokemon.json.jbuilder (0.2ms)
  Rendered pokemon/_pokemon.json.jbuilder (0.2ms)
  Rendered pokemon/_pokemon.json.jbuilder (0.2ms)
  Rendered pokemon/_pokemon.json.jbuilder (0.1ms)
  Rendered pokemon/_pokemon.json.jbuilder (0.1ms)
  Rendered pokemon/_pokemon.json.jbuilder (0.1ms)
  Rendered pokemon/_pokemon.json.jbuilder (0.1ms)
  Rendered pokemon/_pokemon.json.jbuilder (0.1ms)
  Rendered pokemon/_pokemon.json.jbuilder (0.1ms)
  Rendered pokemon/_pokemon.json.jbuilder (0.1ms)
  Rendered pokemon/_pokemon.json.jbuilder (0.1ms)
  Rendered pokemon/_pokemon.json.jbuilder (0.1ms)
  Rendered pokemon/_pokemon.json.jbuilder (0.1ms)
  Rendered pokemon/_pokemon.json.jbuilder (0.1ms)
  Rendered pokemon/_pokemon.json.jbuilder (0.2ms)
  Rendered pokemon/_pokemon.json.jbuilder (0.3ms)
  Rendered pokemon/_pokemon.json.jbuilder (0.2ms)
  Rendered pokemon/_pokemon.json.jbuilder (0.2ms)
  Rendered pokemon/_pokemon.json.jbuilder (0.2ms)
  Rendered pokemon/_pokemon.json.jbuilder (0.2ms)
  Rendered pokemon/_pokemon.json.jbuilder (0.1ms)
  Rendered pokemon/_pokemon.json.jbuilder (0.1ms)
  Rendered pokemon/_pokemon.json.jbuilder (0.1ms)
  Rendered pokemon/_pokemon.json.jbuilder (0.1ms)
  Rendered pokemon/_pokemon.json.jbuilder (0.1ms)
  Rendered pokemon/_pokemon.json.jbuilder (0.1ms)
  Rendered pokemon/_pokemon.json.jbuilder (0.1ms)
  Rendered pokemon/_pokemon.json.jbuilder (0.1ms)
  Rendered pokemon/_pokemon.json.jbuilder (0.1ms)
  Rendered pokemon/_pokemon.json.jbuilder (0.1ms)
  Rendered pokemon/_pokemon.json.jbuilder (0.1ms)
  Rendered pokemon/_pokemon.json.jbuilder (0.1ms)
  Rendered pokemon/_pokemon.json.jbuilder (0.1ms)
  Rendered pokemon/_pokemon.json.jbuilder (0.1ms)
  Rendered pokemon/_pokemon.json.jbuilder (0.2ms)
  Rendered pokemon/_pokemon.json.jbuilder (0.1ms)
  Rendered pokemon/_pokemon.json.jbuilder (0.2ms)
  Rendered pokemon/_pokemon.json.jbuilder (0.3ms)
  Rendered pokemon/_pokemon.json.jbuilder (0.2ms)
  Rendered pokemon/_pokemon.json.jbuilder (0.2ms)
  Rendered pokemon/_pokemon.json.jbuilder (0.1ms)
  Rendered pokemon/_pokemon.json.jbuilder (0.1ms)
  Rendered pokemon/_pokemon.json.jbuilder (0.1ms)
  Rendered pokemon/_pokemon.json.jbuilder (0.2ms)
  Rendered pokemon/_pokemon.json.jbuilder (0.2ms)
  Rendered pokemon/_pokemon.json.jbuilder (0.2ms)
  Rendered pokemon/_pokemon.json.jbuilder (0.2ms)
  Rendered pokemon/_pokemon.json.jbuilder (0.2ms)
  Rendered pokemon/_pokemon.json.jbuilder (0.1ms)
  Rendered pokemon/_pokemon.json.jbuilder (0.1ms)
  Rendered pokemon/_pokemon.json.jbuilder (0.1ms)
  Rendered pokemon/_pokemon.json.jbuilder (0.1ms)
  Rendered pokemon/_pokemon.json.jbuilder (0.1ms)
  Rendered pokemon/_pokemon.json.jbuilder (0.1ms)
  Rendered pokemon/_pokemon.json.jbuilder (0.1ms)
  Rendered pokemon/_pokemon.json.jbuilder (0.1ms)
  Rendered pokemon/_pokemon.json.jbuilder (0.1ms)
  Rendered pokemon/_pokemon.json.jbuilder (0.1ms)
  Rendered pokemon/_pokemon.json.jbuilder (0.3ms)
  Rendered pokemon/_pokemon.json.jbuilder (0.2ms)
  Rendered pokemon/_pokemon.json.jbuilder (0.2ms)
  Rendered pokemon/_pokemon.json.jbuilder (0.2ms)
  Rendered pokemon/_pokemon.json.jbuilder (0.2ms)
  Rendered pokemon/_pokemon.json.jbuilder (0.1ms)
  Rendered pokemon/_pokemon.json.jbuilder (0.1ms)
  Rendered pokemon/_pokemon.json.jbuilder (0.1ms)
  Rendered pokemon/_pokemon.json.jbuilder (0.1ms)
  Rendered pokemon/_pokemon.json.jbuilder (0.1ms)
  Rendered pokemon/_pokemon.json.jbuilder (0.1ms)
  Rendered pokemon/_pokemon.json.jbuilder (0.1ms)
  Rendered pokemon/_pokemon.json.jbuilder (0.1ms)
  Rendered pokemon/_pokemon.json.jbuilder (0.1ms)
  Rendered pokemon/_pokemon.json.jbuilder (0.2ms)
  Rendered pokemon/_pokemon.json.jbuilder (0.2ms)
  Rendered pokemon/_pokemon.json.jbuilder (0.2ms)
  Rendered pokemon/_pokemon.json.jbuilder (0.2ms)
  Rendered pokemon/_pokemon.json.jbuilder (0.3ms)
  Rendered pokemon/_pokemon.json.jbuilder (0.2ms)
  Rendered pokemon/_pokemon.json.jbuilder (0.2ms)
  Rendered pokemon/_pokemon.json.jbuilder (0.2ms)
  Rendered pokemon/_pokemon.json.jbuilder (0.2ms)
  Rendered pokemon/_pokemon.json.jbuilder (0.2ms)
  Rendered pokemon/_pokemon.json.jbuilder (0.1ms)
  Rendered pokemon/_pokemon.json.jbuilder (0.1ms)
  Rendered pokemon/_pokemon.json.jbuilder (0.1ms)
  Rendered pokemon/_pokemon.json.jbuilder (0.2ms)
  Rendered pokemon/_pokemon.json.jbuilder (0.1ms)
  Rendered pokemon/_pokemon.json.jbuilder (0.2ms)
  Rendered pokemon/_pokemon.json.jbuilder (0.1ms)
  Rendered pokemon/_pokemon.json.jbuilder (0.1ms)
  Rendered pokemon/_pokemon.json.jbuilder (0.1ms)
  Rendered pokemon/_pokemon.json.jbuilder (0.1ms)
  Rendered pokemon/_pokemon.json.jbuilder (0.1ms)
  Rendered pokemon/_pokemon.json.jbuilder (0.1ms)
  Rendered pokemon/_pokemon.json.jbuilder (0.1ms)
  Rendered pokemon/_pokemon.json.jbuilder (0.1ms)
  Rendered pokemon/_pokemon.json.jbuilder (0.1ms)
  Rendered pokemon/_pokemon.json.jbuilder (0.1ms)
  Rendered pokemon/_pokemon.json.jbuilder (0.1ms)
  Rendered pokemon/_pokemon.json.jbuilder (0.1ms)
  Rendered pokemon/_pokemon.json.jbuilder (0.1ms)
  Rendered pokemon/_pokemon.json.jbuilder (0.2ms)
  Rendered pokemon/_pokemon.json.jbuilder (0.2ms)
  Rendered pokemon/_pokemon.json.jbuilder (0.2ms)
  Rendered pokemon/_pokemon.json.jbuilder (0.2ms)
  Rendered pokemon/_pokemon.json.jbuilder (0.1ms)
  Rendered pokemon/_pokemon.json.jbuilder (0.2ms)
  Rendered pokemon/_pokemon.json.jbuilder (0.2ms)
  Rendered pokemon/_pokemon.json.jbuilder (0.2ms)
  Rendered pokemon/_pokemon.json.jbuilder (0.1ms)
  Rendered pokemon/_pokemon.json.jbuilder (0.1ms)
  Rendered pokemon/_pokemon.json.jbuilder (0.1ms)
  Rendered pokemon/_pokemon.json.jbuilder (0.1ms)
  Rendered pokemon/_pokemon.json.jbuilder (0.1ms)
  Rendered pokemon/_pokemon.json.jbuilder (0.1ms)
  Rendered pokemon/_pokemon.json.jbuilder (0.1ms)
  Rendered pokemon/_pokemon.json.jbuilder (0.1ms)
  Rendered pokemon/_pokemon.json.jbuilder (0.1ms)
  Rendered pokemon/_pokemon.json.jbuilder (0.1ms)
  Rendered pokemon/_pokemon.json.jbuilder (0.1ms)
  Rendered pokemon/_pokemon.json.jbuilder (0.1ms)
  Rendered pokemon/_pokemon.json.jbuilder (0.2ms)
  Rendered pokemon/_pokemon.json.jbuilder (0.1ms)
  Rendered pokemon/_pokemon.json.jbuilder (0.3ms)
  Rendered pokemon/_pokemon.json.jbuilder (0.3ms)
  Rendered pokemon/_pokemon.json.jbuilder (0.3ms)
  Rendered pokemon/_pokemon.json.jbuilder (0.2ms)
  Rendered pokemon/_pokemon.json.jbuilder (0.2ms)
  Rendered pokemon/_pokemon.json.jbuilder (0.2ms)
  Rendered pokemon/_pokemon.json.jbuilder (0.1ms)
  Rendered pokemon/_pokemon.json.jbuilder (0.1ms)
  Rendered pokemon/_pokemon.json.jbuilder (0.2ms)
  Rendered pokemon/_pokemon.json.jbuilder (0.2ms)
  Rendered pokemon/_pokemon.json.jbuilder (0.2ms)
  Rendered pokemon/_pokemon.json.jbuilder (0.2ms)
  Rendered pokemon/_pokemon.json.jbuilder (0.3ms)
  Rendered pokemon/_pokemon.json.jbuilder (0.1ms)
  Rendered pokemon/_pokemon.json.jbuilder (0.1ms)
  Rendered pokemon/_pokemon.json.jbuilder (0.1ms)
  Rendered pokemon/_pokemon.json.jbuilder (0.1ms)
  Rendered pokemon/_pokemon.json.jbuilder (0.2ms)
  Rendered pokemon/_pokemon.json.jbuilder (0.1ms)
  Rendered pokemon/_pokemon.json.jbuilder (0.1ms)
  Rendered pokemon/_pokemon.json.jbuilder (0.1ms)
  Rendered pokemon/_pokemon.json.jbuilder (0.1ms)
  Rendered pokemon/_pokemon.json.jbuilder (0.1ms)
  Rendered pokemon/_pokemon.json.jbuilder (0.1ms)
  Rendered pokemon/_pokemon.json.jbuilder (0.1ms)
  Rendered pokemon/_pokemon.json.jbuilder (0.1ms)
  Rendered pokemon/_pokemon.json.jbuilder (0.1ms)
  Rendered pokemon/_pokemon.json.jbuilder (0.3ms)
  Rendered pokemon/_pokemon.json.jbuilder (0.1ms)
  Rendered pokemon/_pokemon.json.jbuilder (0.1ms)
  Rendered pokemon/_pokemon.json.jbuilder (0.1ms)
  Rendered pokemon/_pokemon.json.jbuilder (0.1ms)
  Rendered pokemon/_pokemon.json.jbuilder (0.1ms)
  Rendered pokemon/_pokemon.json.jbuilder (0.2ms)
  Rendered pokemon/_pokemon.json.jbuilder (0.1ms)
  Rendered pokemon/_pokemon.json.jbuilder (0.1ms)
  Rendered pokemon/_pokemon.json.jbuilder (0.2ms)
  Rendered pokemon/_pokemon.json.jbuilder (0.2ms)
  Rendered pokemon/index.json.jbuilder (199.3ms)
Completed 200 OK in 202ms (Views: 200.2ms | ActiveRecord: 1.8ms)


Started GET "/pokemon/1" for 127.0.0.1 at 2015-05-05 10:34:38 -0400
Processing by PokemonController#show as JSON
  Parameters: {"id"=>"1"}
  [1m[35mPokemon Load (0.8ms)[0m  SELECT  "pokemons".* FROM "pokemons"  WHERE "pokemons"."id" = $1 LIMIT 1  [["id", 1]]
  [1m[36mToy Load (0.7ms)[0m  [1mSELECT "toys".* FROM "toys"  WHERE "toys"."pokemon_id" = $1[0m  [["pokemon_id", 1]]
  Rendered toys/_toy.json.jbuilder (0.2ms)
  Rendered pokemon/_pokemon.json.jbuilder (3.7ms)
  Rendered pokemon/show.json.jbuilder (4.6ms)
Completed 200 OK in 8ms (Views: 5.4ms | ActiveRecord: 1.5ms)


Started GET "/" for 127.0.0.1 at 2015-05-05 10:38:16 -0400
Processing by StaticPagesController#root as HTML
  Rendered shared/_templates.html (0.0ms)
  Rendered static_pages/root.html.erb within layouts/application (0.7ms)
Completed 200 OK in 161ms (Views: 160.4ms | ActiveRecord: 0.0ms)


Started GET "/assets/application.css?body=1" for 127.0.0.1 at 2015-05-05 10:38:17 -0400


Started GET "/assets/jquery.js?body=1" for 127.0.0.1 at 2015-05-05 10:38:17 -0400


Started GET "/assets/jquery_ujs.js?body=1" for 127.0.0.1 at 2015-05-05 10:38:17 -0400


Started GET "/assets/underscore.js?body=1" for 127.0.0.1 at 2015-05-05 10:38:17 -0400


Started GET "/assets/backbone.js?body=1" for 127.0.0.1 at 2015-05-05 10:38:17 -0400


Started GET "/assets/jquery.serializejson.min.js?body=1" for 127.0.0.1 at 2015-05-05 10:38:17 -0400


Started GET "/assets/pokedex-0.js?body=1" for 127.0.0.1 at 2015-05-05 10:38:17 -0400


Started GET "/assets/pokedex-4.js?body=1" for 127.0.0.1 at 2015-05-05 10:38:17 -0400


Started GET "/assets/pokedex-1B.js?body=1" for 127.0.0.1 at 2015-05-05 10:38:17 -0400


Started GET "/assets/pokedex-1C.js?body=1" for 127.0.0.1 at 2015-05-05 10:38:17 -0400


Started GET "/assets/pokedex-2.js?body=1" for 127.0.0.1 at 2015-05-05 10:38:17 -0400


Started GET "/assets/pokedex-3.js?body=1" for 127.0.0.1 at 2015-05-05 10:38:17 -0400


Started GET "/assets/pokedex-1A.js?body=1" for 127.0.0.1 at 2015-05-05 10:38:17 -0400


Started GET "/assets/pokedex-5.js?body=1" for 127.0.0.1 at 2015-05-05 10:38:17 -0400


Started GET "/assets/application.js?body=1" for 127.0.0.1 at 2015-05-05 10:38:17 -0400


Started GET "/assets/pokedex-6.js?body=1" for 127.0.0.1 at 2015-05-05 10:38:17 -0400


Started GET "/assets/pokedex-7.js?body=1" for 127.0.0.1 at 2015-05-05 10:38:17 -0400


Started GET "/pokemon" for 127.0.0.1 at 2015-05-05 10:38:17 -0400
Processing by PokemonController#index as JSON
  [1m[35mPokemon Load (2.3ms)[0m  SELECT "pokemons".* FROM "pokemons"
  Rendered pokemon/_pokemon.json.jbuilder (0.3ms)
  Rendered pokemon/_pokemon.json.jbuilder (0.2ms)
  Rendered pokemon/_pokemon.json.jbuilder (0.3ms)
  Rendered pokemon/_pokemon.json.jbuilder (0.9ms)
  Rendered pokemon/_pokemon.json.jbuilder (0.4ms)
  Rendered pokemon/_pokemon.json.jbuilder (0.6ms)
  Rendered pokemon/_pokemon.json.jbuilder (0.3ms)
  Rendered pokemon/_pokemon.json.jbuilder (0.4ms)
  Rendered pokemon/_pokemon.json.jbuilder (0.5ms)
  Rendered pokemon/_pokemon.json.jbuilder (0.4ms)
  Rendered pokemon/_pokemon.json.jbuilder (0.5ms)
  Rendered pokemon/_pokemon.json.jbuilder (0.4ms)
  Rendered pokemon/_pokemon.json.jbuilder (0.3ms)
  Rendered pokemon/_pokemon.json.jbuilder (0.5ms)
  Rendered pokemon/_pokemon.json.jbuilder (0.4ms)
  Rendered pokemon/_pokemon.json.jbuilder (0.3ms)
  Rendered pokemon/_pokemon.json.jbuilder (0.4ms)
  Rendered pokemon/_pokemon.json.jbuilder (0.3ms)
  Rendered pokemon/_pokemon.json.jbuilder (0.2ms)
  Rendered pokemon/_pokemon.json.jbuilder (0.2ms)
  Rendered pokemon/_pokemon.json.jbuilder (0.3ms)
  Rendered pokemon/_pokemon.json.jbuilder (0.4ms)
  Rendered pokemon/_pokemon.json.jbuilder (0.4ms)
  Rendered pokemon/_pokemon.json.jbuilder (0.5ms)
  Rendered pokemon/_pokemon.json.jbuilder (0.2ms)
  Rendered pokemon/_pokemon.json.jbuilder (0.2ms)
  Rendered pokemon/_pokemon.json.jbuilder (0.3ms)
  Rendered pokemon/_pokemon.json.jbuilder (0.3ms)
  Rendered pokemon/_pokemon.json.jbuilder (0.3ms)
  Rendered pokemon/_pokemon.json.jbuilder (0.2ms)
  Rendered pokemon/_pokemon.json.jbuilder (0.2ms)
  Rendered pokemon/_pokemon.json.jbuilder (0.2ms)
  Rendered pokemon/_pokemon.json.jbuilder (0.2ms)
  Rendered pokemon/_pokemon.json.jbuilder (0.2ms)
  Rendered pokemon/_pokemon.json.jbuilder (0.2ms)
  Rendered pokemon/_pokemon.json.jbuilder (0.2ms)
  Rendered pokemon/_pokemon.json.jbuilder (0.3ms)
  Rendered pokemon/_pokemon.json.jbuilder (0.2ms)
  Rendered pokemon/_pokemon.json.jbuilder (0.2ms)
  Rendered pokemon/_pokemon.json.jbuilder (0.2ms)
  Rendered pokemon/_pokemon.json.jbuilder (0.3ms)
  Rendered pokemon/_pokemon.json.jbuilder (0.4ms)
  Rendered pokemon/_pokemon.json.jbuilder (0.3ms)
  Rendered pokemon/_pokemon.json.jbuilder (0.4ms)
  Rendered pokemon/_pokemon.json.jbuilder (0.5ms)
  Rendered pokemon/_pokemon.json.jbuilder (0.4ms)
  Rendered pokemon/_pokemon.json.jbuilder (0.3ms)
  Rendered pokemon/_pokemon.json.jbuilder (0.3ms)
  Rendered pokemon/_pokemon.json.jbuilder (0.3ms)
  Rendered pokemon/_pokemon.json.jbuilder (0.4ms)
  Rendered pokemon/_pokemon.json.jbuilder (0.3ms)
  Rendered pokemon/_pokemon.json.jbuilder (0.3ms)
  Rendered pokemon/_pokemon.json.jbuilder (0.3ms)
  Rendered pokemon/_pokemon.json.jbuilder (0.3ms)
  Rendered pokemon/_pokemon.json.jbuilder (0.3ms)
  Rendered pokemon/_pokemon.json.jbuilder (0.5ms)
  Rendered pokemon/_pokemon.json.jbuilder (0.4ms)
  Rendered pokemon/_pokemon.json.jbuilder (0.3ms)
  Rendered pokemon/_pokemon.json.jbuilder (0.2ms)
  Rendered pokemon/_pokemon.json.jbuilder (0.2ms)
  Rendered pokemon/_pokemon.json.jbuilder (0.2ms)
  Rendered pokemon/_pokemon.json.jbuilder (0.3ms)
  Rendered pokemon/_pokemon.json.jbuilder (0.2ms)
  Rendered pokemon/_pokemon.json.jbuilder (0.2ms)
  Rendered pokemon/_pokemon.json.jbuilder (0.3ms)
  Rendered pokemon/_pokemon.json.jbuilder (0.3ms)
  Rendered pokemon/_pokemon.json.jbuilder (0.2ms)
  Rendered pokemon/_pokemon.json.jbuilder (0.2ms)
  Rendered pokemon/_pokemon.json.jbuilder (0.4ms)
  Rendered pokemon/_pokemon.json.jbuilder (0.3ms)
  Rendered pokemon/_pokemon.json.jbuilder (0.3ms)
  Rendered pokemon/_pokemon.json.jbuilder (0.4ms)
  Rendered pokemon/_pokemon.json.jbuilder (0.3ms)
  Rendered pokemon/_pokemon.json.jbuilder (0.3ms)
  Rendered pokemon/_pokemon.json.jbuilder (0.3ms)
  Rendered pokemon/_pokemon.json.jbuilder (0.2ms)
  Rendered pokemon/_pokemon.json.jbuilder (0.3ms)
  Rendered pokemon/_pokemon.json.jbuilder (0.3ms)
  Rendered pokemon/_pokemon.json.jbuilder (0.4ms)
  Rendered pokemon/_pokemon.json.jbuilder (0.3ms)
  Rendered pokemon/_pokemon.json.jbuilder (0.3ms)
  Rendered pokemon/_pokemon.json.jbuilder (0.3ms)
  Rendered pokemon/_pokemon.json.jbuilder (0.2ms)
  Rendered pokemon/_pokemon.json.jbuilder (0.4ms)
  Rendered pokemon/_pokemon.json.jbuilder (0.2ms)
  Rendered pokemon/_pokemon.json.jbuilder (0.2ms)
  Rendered pokemon/_pokemon.json.jbuilder (0.2ms)
  Rendered pokemon/_pokemon.json.jbuilder (0.2ms)
  Rendered pokemon/_pokemon.json.jbuilder (0.2ms)
  Rendered pokemon/_pokemon.json.jbuilder (0.2ms)
  Rendered pokemon/_pokemon.json.jbuilder (0.2ms)
  Rendered pokemon/_pokemon.json.jbuilder (0.2ms)
  Rendered pokemon/_pokemon.json.jbuilder (0.3ms)
  Rendered pokemon/_pokemon.json.jbuilder (0.2ms)
  Rendered pokemon/_pokemon.json.jbuilder (0.2ms)
  Rendered pokemon/_pokemon.json.jbuilder (0.2ms)
  Rendered pokemon/_pokemon.json.jbuilder (0.1ms)
  Rendered pokemon/_pokemon.json.jbuilder (0.3ms)
  Rendered pokemon/_pokemon.json.jbuilder (0.3ms)
  Rendered pokemon/_pokemon.json.jbuilder (0.2ms)
  Rendered pokemon/_pokemon.json.jbuilder (0.2ms)
  Rendered pokemon/_pokemon.json.jbuilder (0.2ms)
  Rendered pokemon/_pokemon.json.jbuilder (0.2ms)
  Rendered pokemon/_pokemon.json.jbuilder (0.2ms)
  Rendered pokemon/_pokemon.json.jbuilder (0.3ms)
  Rendered pokemon/_pokemon.json.jbuilder (0.2ms)
  Rendered pokemon/_pokemon.json.jbuilder (0.2ms)
  Rendered pokemon/_pokemon.json.jbuilder (0.2ms)
  Rendered pokemon/_pokemon.json.jbuilder (0.2ms)
  Rendered pokemon/_pokemon.json.jbuilder (0.2ms)
  Rendered pokemon/_pokemon.json.jbuilder (0.1ms)
  Rendered pokemon/_pokemon.json.jbuilder (0.1ms)
  Rendered pokemon/_pokemon.json.jbuilder (0.1ms)
  Rendered pokemon/_pokemon.json.jbuilder (0.1ms)
  Rendered pokemon/_pokemon.json.jbuilder (0.1ms)
  Rendered pokemon/_pokemon.json.jbuilder (0.1ms)
  Rendered pokemon/_pokemon.json.jbuilder (0.1ms)
  Rendered pokemon/_pokemon.json.jbuilder (0.1ms)
  Rendered pokemon/_pokemon.json.jbuilder (0.1ms)
  Rendered pokemon/_pokemon.json.jbuilder (0.3ms)
  Rendered pokemon/_pokemon.json.jbuilder (0.2ms)
  Rendered pokemon/_pokemon.json.jbuilder (0.1ms)
  Rendered pokemon/_pokemon.json.jbuilder (0.1ms)
  Rendered pokemon/_pokemon.json.jbuilder (0.2ms)
  Rendered pokemon/_pokemon.json.jbuilder (0.2ms)
  Rendered pokemon/_pokemon.json.jbuilder (0.2ms)
  Rendered pokemon/_pokemon.json.jbuilder (0.2ms)
  Rendered pokemon/_pokemon.json.jbuilder (0.2ms)
  Rendered pokemon/_pokemon.json.jbuilder (0.3ms)
  Rendered pokemon/_pokemon.json.jbuilder (0.2ms)
  Rendered pokemon/_pokemon.json.jbuilder (0.2ms)
  Rendered pokemon/_pokemon.json.jbuilder (0.2ms)
  Rendered pokemon/_pokemon.json.jbuilder (0.2ms)
  Rendered pokemon/_pokemon.json.jbuilder (0.2ms)
  Rendered pokemon/_pokemon.json.jbuilder (0.2ms)
  Rendered pokemon/_pokemon.json.jbuilder (0.2ms)
  Rendered pokemon/_pokemon.json.jbuilder (0.2ms)
  Rendered pokemon/_pokemon.json.jbuilder (0.2ms)
  Rendered pokemon/_pokemon.json.jbuilder (0.2ms)
  Rendered pokemon/_pokemon.json.jbuilder (0.1ms)
  Rendered pokemon/_pokemon.json.jbuilder (0.1ms)
  Rendered pokemon/_pokemon.json.jbuilder (0.1ms)
  Rendered pokemon/_pokemon.json.jbuilder (0.1ms)
  Rendered pokemon/_pokemon.json.jbuilder (0.1ms)
  Rendered pokemon/_pokemon.json.jbuilder (0.2ms)
  Rendered pokemon/_pokemon.json.jbuilder (0.2ms)
  Rendered pokemon/_pokemon.json.jbuilder (0.2ms)
  Rendered pokemon/_pokemon.json.jbuilder (0.3ms)
  Rendered pokemon/_pokemon.json.jbuilder (0.2ms)
  Rendered pokemon/_pokemon.json.jbuilder (0.2ms)
  Rendered pokemon/_pokemon.json.jbuilder (0.1ms)
  Rendered pokemon/_pokemon.json.jbuilder (0.2ms)
  Rendered pokemon/_pokemon.json.jbuilder (0.2ms)
  Rendered pokemon/_pokemon.json.jbuilder (0.2ms)
  Rendered pokemon/_pokemon.json.jbuilder (0.2ms)
  Rendered pokemon/_pokemon.json.jbuilder (0.2ms)
  Rendered pokemon/_pokemon.json.jbuilder (0.2ms)
  Rendered pokemon/_pokemon.json.jbuilder (0.2ms)
  Rendered pokemon/_pokemon.json.jbuilder (0.2ms)
  Rendered pokemon/_pokemon.json.jbuilder (0.2ms)
  Rendered pokemon/_pokemon.json.jbuilder (0.2ms)
  Rendered pokemon/_pokemon.json.jbuilder (0.3ms)
  Rendered pokemon/_pokemon.json.jbuilder (0.3ms)
  Rendered pokemon/_pokemon.json.jbuilder (0.2ms)
  Rendered pokemon/_pokemon.json.jbuilder (0.2ms)
  Rendered pokemon/_pokemon.json.jbuilder (0.2ms)
  Rendered pokemon/_pokemon.json.jbuilder (0.1ms)
  Rendered pokemon/_pokemon.json.jbuilder (0.1ms)
  Rendered pokemon/_pokemon.json.jbuilder (0.1ms)
  Rendered pokemon/_pokemon.json.jbuilder (0.1ms)
  Rendered pokemon/_pokemon.json.jbuilder (0.1ms)
  Rendered pokemon/_pokemon.json.jbuilder (0.1ms)
  Rendered pokemon/_pokemon.json.jbuilder (0.2ms)
  Rendered pokemon/_pokemon.json.jbuilder (0.2ms)
  Rendered pokemon/_pokemon.json.jbuilder (0.1ms)
  Rendered pokemon/_pokemon.json.jbuilder (0.1ms)
  Rendered pokemon/_pokemon.json.jbuilder (0.1ms)
  Rendered pokemon/_pokemon.json.jbuilder (0.2ms)
  Rendered pokemon/_pokemon.json.jbuilder (0.2ms)
  Rendered pokemon/_pokemon.json.jbuilder (0.2ms)
  Rendered pokemon/_pokemon.json.jbuilder (0.2ms)
  Rendered pokemon/_pokemon.json.jbuilder (0.2ms)
  Rendered pokemon/_pokemon.json.jbuilder (0.2ms)
  Rendered pokemon/_pokemon.json.jbuilder (0.2ms)
  Rendered pokemon/_pokemon.json.jbuilder (0.3ms)
  Rendered pokemon/_pokemon.json.jbuilder (0.2ms)
  Rendered pokemon/_pokemon.json.jbuilder (0.2ms)
  Rendered pokemon/_pokemon.json.jbuilder (0.2ms)
  Rendered pokemon/_pokemon.json.jbuilder (0.2ms)
  Rendered pokemon/_pokemon.json.jbuilder (0.2ms)
  Rendered pokemon/_pokemon.json.jbuilder (0.2ms)
  Rendered pokemon/_pokemon.json.jbuilder (0.3ms)
  Rendered pokemon/_pokemon.json.jbuilder (0.2ms)
  Rendered pokemon/_pokemon.json.jbuilder (0.1ms)
  Rendered pokemon/_pokemon.json.jbuilder (0.1ms)
  Rendered pokemon/_pokemon.json.jbuilder (0.1ms)
  Rendered pokemon/_pokemon.json.jbuilder (0.1ms)
  Rendered pokemon/_pokemon.json.jbuilder (0.2ms)
  Rendered pokemon/_pokemon.json.jbuilder (0.2ms)
  Rendered pokemon/_pokemon.json.jbuilder (0.1ms)
  Rendered pokemon/_pokemon.json.jbuilder (0.1ms)
  Rendered pokemon/_pokemon.json.jbuilder (0.1ms)
  Rendered pokemon/_pokemon.json.jbuilder (0.1ms)
  Rendered pokemon/_pokemon.json.jbuilder (0.1ms)
  Rendered pokemon/_pokemon.json.jbuilder (0.1ms)
  Rendered pokemon/_pokemon.json.jbuilder (0.1ms)
  Rendered pokemon/_pokemon.json.jbuilder (0.2ms)
  Rendered pokemon/_pokemon.json.jbuilder (0.2ms)
  Rendered pokemon/_pokemon.json.jbuilder (0.2ms)
  Rendered pokemon/_pokemon.json.jbuilder (0.2ms)
  Rendered pokemon/_pokemon.json.jbuilder (0.2ms)
  Rendered pokemon/_pokemon.json.jbuilder (0.2ms)
  Rendered pokemon/_pokemon.json.jbuilder (0.2ms)
  Rendered pokemon/_pokemon.json.jbuilder (0.2ms)
  Rendered pokemon/_pokemon.json.jbuilder (0.2ms)
  Rendered pokemon/_pokemon.json.jbuilder (0.2ms)
  Rendered pokemon/_pokemon.json.jbuilder (0.2ms)
  Rendered pokemon/_pokemon.json.jbuilder (0.2ms)
  Rendered pokemon/_pokemon.json.jbuilder (0.2ms)
  Rendered pokemon/_pokemon.json.jbuilder (0.2ms)
  Rendered pokemon/_pokemon.json.jbuilder (0.2ms)
  Rendered pokemon/_pokemon.json.jbuilder (0.1ms)
  Rendered pokemon/_pokemon.json.jbuilder (0.1ms)
  Rendered pokemon/_pokemon.json.jbuilder (0.1ms)
  Rendered pokemon/_pokemon.json.jbuilder (0.1ms)
  Rendered pokemon/_pokemon.json.jbuilder (0.1ms)
  Rendered pokemon/_pokemon.json.jbuilder (0.2ms)
  Rendered pokemon/_pokemon.json.jbuilder (0.2ms)
  Rendered pokemon/_pokemon.json.jbuilder (0.2ms)
  Rendered pokemon/_pokemon.json.jbuilder (0.1ms)
  Rendered pokemon/_pokemon.json.jbuilder (0.1ms)
  Rendered pokemon/_pokemon.json.jbuilder (0.1ms)
  Rendered pokemon/_pokemon.json.jbuilder (0.1ms)
  Rendered pokemon/_pokemon.json.jbuilder (0.1ms)
  Rendered pokemon/_pokemon.json.jbuilder (0.1ms)
  Rendered pokemon/_pokemon.json.jbuilder (0.1ms)
  Rendered pokemon/_pokemon.json.jbuilder (0.2ms)
  Rendered pokemon/_pokemon.json.jbuilder (0.2ms)
  Rendered pokemon/_pokemon.json.jbuilder (0.2ms)
  Rendered pokemon/_pokemon.json.jbuilder (0.2ms)
  Rendered pokemon/_pokemon.json.jbuilder (0.2ms)
  Rendered pokemon/_pokemon.json.jbuilder (0.2ms)
  Rendered pokemon/_pokemon.json.jbuilder (0.2ms)
  Rendered pokemon/_pokemon.json.jbuilder (0.2ms)
  Rendered pokemon/_pokemon.json.jbuilder (0.2ms)
  Rendered pokemon/_pokemon.json.jbuilder (0.2ms)
  Rendered pokemon/_pokemon.json.jbuilder (0.2ms)
  Rendered pokemon/_pokemon.json.jbuilder (0.2ms)
  Rendered pokemon/_pokemon.json.jbuilder (0.2ms)
  Rendered pokemon/_pokemon.json.jbuilder (0.1ms)
  Rendered pokemon/_pokemon.json.jbuilder (0.1ms)
  Rendered pokemon/_pokemon.json.jbuilder (0.1ms)
  Rendered pokemon/_pokemon.json.jbuilder (0.1ms)
  Rendered pokemon/_pokemon.json.jbuilder (0.1ms)
  Rendered pokemon/index.json.jbuilder (223.4ms)
Completed 200 OK in 226ms (Views: 223.7ms | ActiveRecord: 2.3ms)


Started GET "/pokemon/1" for 127.0.0.1 at 2015-05-05 10:38:19 -0400
Processing by PokemonController#show as JSON
  Parameters: {"id"=>"1"}
  [1m[36mPokemon Load (0.5ms)[0m  [1mSELECT  "pokemons".* FROM "pokemons"  WHERE "pokemons"."id" = $1 LIMIT 1[0m  [["id", 1]]
  [1m[35mToy Load (0.5ms)[0m  SELECT "toys".* FROM "toys"  WHERE "toys"."pokemon_id" = $1  [["pokemon_id", 1]]
  Rendered toys/_toy.json.jbuilder (0.1ms)
  Rendered pokemon/_pokemon.json.jbuilder (2.5ms)
  Rendered pokemon/show.json.jbuilder (3.1ms)
Completed 200 OK in 6ms (Views: 4.0ms | ActiveRecord: 1.0ms)


Started GET "/assets/pokemon_snaps/010.png" for 127.0.0.1 at 2015-05-05 10:38:19 -0400


Started GET "/" for 127.0.0.1 at 2015-05-05 10:38:45 -0400
Processing by StaticPagesController#root as HTML
  Rendered shared/_templates.html (0.0ms)
  Rendered static_pages/root.html.erb within layouts/application (0.8ms)
Completed 200 OK in 122ms (Views: 122.0ms | ActiveRecord: 0.0ms)


Started GET "/assets/application.css?body=1" for 127.0.0.1 at 2015-05-05 10:38:45 -0400


Started GET "/assets/jquery.js?body=1" for 127.0.0.1 at 2015-05-05 10:38:45 -0400


Started GET "/assets/jquery.serializejson.min.js?body=1" for 127.0.0.1 at 2015-05-05 10:38:45 -0400


Started GET "/assets/underscore.js?body=1" for 127.0.0.1 at 2015-05-05 10:38:45 -0400


Started GET "/assets/backbone.js?body=1" for 127.0.0.1 at 2015-05-05 10:38:45 -0400


Started GET "/assets/jquery_ujs.js?body=1" for 127.0.0.1 at 2015-05-05 10:38:45 -0400


Started GET "/assets/pokedex-0.js?body=1" for 127.0.0.1 at 2015-05-05 10:38:45 -0400


Started GET "/assets/pokedex-1A.js?body=1" for 127.0.0.1 at 2015-05-05 10:38:45 -0400


Started GET "/assets/pokedex-1B.js?body=1" for 127.0.0.1 at 2015-05-05 10:38:45 -0400


Started GET "/assets/pokedex-1C.js?body=1" for 127.0.0.1 at 2015-05-05 10:38:45 -0400


Started GET "/assets/pokedex-2.js?body=1" for 127.0.0.1 at 2015-05-05 10:38:45 -0400


Started GET "/assets/pokedex-3.js?body=1" for 127.0.0.1 at 2015-05-05 10:38:45 -0400


Started GET "/assets/pokedex-4.js?body=1" for 127.0.0.1 at 2015-05-05 10:38:45 -0400


Started GET "/assets/pokedex-5.js?body=1" for 127.0.0.1 at 2015-05-05 10:38:45 -0400


Started GET "/assets/pokedex-6.js?body=1" for 127.0.0.1 at 2015-05-05 10:38:45 -0400


Started GET "/assets/pokedex-7.js?body=1" for 127.0.0.1 at 2015-05-05 10:38:45 -0400


Started GET "/assets/application.js?body=1" for 127.0.0.1 at 2015-05-05 10:38:45 -0400


Started GET "/assets/pokemon_bg.jpg" for 127.0.0.1 at 2015-05-05 10:38:45 -0400


Started GET "/pokemon" for 127.0.0.1 at 2015-05-05 10:38:45 -0400
Processing by PokemonController#index as JSON
  [1m[36mPokemon Load (1.7ms)[0m  [1mSELECT "pokemons".* FROM "pokemons"[0m
  Rendered pokemon/_pokemon.json.jbuilder (0.3ms)
  Rendered pokemon/_pokemon.json.jbuilder (0.3ms)
  Rendered pokemon/_pokemon.json.jbuilder (0.4ms)
  Rendered pokemon/_pokemon.json.jbuilder (0.3ms)
  Rendered pokemon/_pokemon.json.jbuilder (0.3ms)
  Rendered pokemon/_pokemon.json.jbuilder (0.3ms)
  Rendered pokemon/_pokemon.json.jbuilder (0.4ms)
  Rendered pokemon/_pokemon.json.jbuilder (0.4ms)
  Rendered pokemon/_pokemon.json.jbuilder (0.2ms)
  Rendered pokemon/_pokemon.json.jbuilder (0.2ms)
  Rendered pokemon/_pokemon.json.jbuilder (0.2ms)
  Rendered pokemon/_pokemon.json.jbuilder (0.2ms)
  Rendered pokemon/_pokemon.json.jbuilder (0.2ms)
  Rendered pokemon/_pokemon.json.jbuilder (0.3ms)
  Rendered pokemon/_pokemon.json.jbuilder (0.2ms)
  Rendered pokemon/_pokemon.json.jbuilder (0.3ms)
  Rendered pokemon/_pokemon.json.jbuilder (0.4ms)
  Rendered pokemon/_pokemon.json.jbuilder (0.3ms)
  Rendered pokemon/_pokemon.json.jbuilder (0.2ms)
  Rendered pokemon/_pokemon.json.jbuilder (0.2ms)
  Rendered pokemon/_pokemon.json.jbuilder (0.3ms)
  Rendered pokemon/_pokemon.json.jbuilder (0.3ms)
  Rendered pokemon/_pokemon.json.jbuilder (0.4ms)
  Rendered pokemon/_pokemon.json.jbuilder (0.3ms)
  Rendered pokemon/_pokemon.json.jbuilder (0.3ms)
  Rendered pokemon/_pokemon.json.jbuilder (0.3ms)
  Rendered pokemon/_pokemon.json.jbuilder (0.4ms)
  Rendered pokemon/_pokemon.json.jbuilder (0.4ms)
  Rendered pokemon/_pokemon.json.jbuilder (0.7ms)
  Rendered pokemon/_pokemon.json.jbuilder (0.4ms)
  Rendered pokemon/_pokemon.json.jbuilder (0.3ms)
  Rendered pokemon/_pokemon.json.jbuilder (0.2ms)
  Rendered pokemon/_pokemon.json.jbuilder (0.2ms)
  Rendered pokemon/_pokemon.json.jbuilder (0.2ms)
  Rendered pokemon/_pokemon.json.jbuilder (0.2ms)
  Rendered pokemon/_pokemon.json.jbuilder (0.2ms)
  Rendered pokemon/_pokemon.json.jbuilder (0.2ms)
  Rendered pokemon/_pokemon.json.jbuilder (0.2ms)
  Rendered pokemon/_pokemon.json.jbuilder (0.3ms)
  Rendered pokemon/_pokemon.json.jbuilder (0.2ms)
  Rendered pokemon/_pokemon.json.jbuilder (0.2ms)
  Rendered pokemon/_pokemon.json.jbuilder (0.2ms)
  Rendered pokemon/_pokemon.json.jbuilder (0.2ms)
  Rendered pokemon/_pokemon.json.jbuilder (0.2ms)
  Rendered pokemon/_pokemon.json.jbuilder (0.2ms)
  Rendered pokemon/_pokemon.json.jbuilder (0.2ms)
  Rendered pokemon/_pokemon.json.jbuilder (0.2ms)
  Rendered pokemon/_pokemon.json.jbuilder (0.2ms)
  Rendered pokemon/_pokemon.json.jbuilder (0.2ms)
  Rendered pokemon/_pokemon.json.jbuilder (0.1ms)
  Rendered pokemon/_pokemon.json.jbuilder (0.2ms)
  Rendered pokemon/_pokemon.json.jbuilder (0.1ms)
  Rendered pokemon/_pokemon.json.jbuilder (0.2ms)
  Rendered pokemon/_pokemon.json.jbuilder (0.3ms)
  Rendered pokemon/_pokemon.json.jbuilder (0.2ms)
  Rendered pokemon/_pokemon.json.jbuilder (0.2ms)
  Rendered pokemon/_pokemon.json.jbuilder (0.2ms)
  Rendered pokemon/_pokemon.json.jbuilder (0.1ms)
  Rendered pokemon/_pokemon.json.jbuilder (0.2ms)
  Rendered pokemon/_pokemon.json.jbuilder (0.2ms)
  Rendered pokemon/_pokemon.json.jbuilder (0.2ms)
  Rendered pokemon/_pokemon.json.jbuilder (0.2ms)
  Rendered pokemon/_pokemon.json.jbuilder (0.1ms)
  Rendered pokemon/_pokemon.json.jbuilder (0.1ms)
  Rendered pokemon/_pokemon.json.jbuilder (0.1ms)
  Rendered pokemon/_pokemon.json.jbuilder (0.1ms)
  Rendered pokemon/_pokemon.json.jbuilder (0.1ms)
  Rendered pokemon/_pokemon.json.jbuilder (0.1ms)
  Rendered pokemon/_pokemon.json.jbuilder (0.1ms)
  Rendered pokemon/_pokemon.json.jbuilder (0.1ms)
  Rendered pokemon/_pokemon.json.jbuilder (0.2ms)
  Rendered pokemon/_pokemon.json.jbuilder (0.1ms)
  Rendered pokemon/_pokemon.json.jbuilder (0.1ms)
  Rendered pokemon/_pokemon.json.jbuilder (0.2ms)
  Rendered pokemon/_pokemon.json.jbuilder (0.1ms)
  Rendered pokemon/_pokemon.json.jbuilder (0.1ms)
  Rendered pokemon/_pokemon.json.jbuilder (0.1ms)
  Rendered pokemon/_pokemon.json.jbuilder (0.2ms)
  Rendered pokemon/_pokemon.json.jbuilder (0.2ms)
  Rendered pokemon/_pokemon.json.jbuilder (0.2ms)
  Rendered pokemon/_pokemon.json.jbuilder (0.2ms)
  Rendered pokemon/_pokemon.json.jbuilder (0.2ms)
  Rendered pokemon/_pokemon.json.jbuilder (0.2ms)
  Rendered pokemon/_pokemon.json.jbuilder (0.2ms)
  Rendered pokemon/_pokemon.json.jbuilder (0.2ms)
  Rendered pokemon/_pokemon.json.jbuilder (0.2ms)
  Rendered pokemon/_pokemon.json.jbuilder (0.2ms)
  Rendered pokemon/_pokemon.json.jbuilder (0.2ms)
  Rendered pokemon/_pokemon.json.jbuilder (0.2ms)
  Rendered pokemon/_pokemon.json.jbuilder (0.2ms)
  Rendered pokemon/_pokemon.json.jbuilder (0.2ms)
  Rendered pokemon/_pokemon.json.jbuilder (0.3ms)
  Rendered pokemon/_pokemon.json.jbuilder (0.3ms)
  Rendered pokemon/_pokemon.json.jbuilder (0.4ms)
  Rendered pokemon/_pokemon.json.jbuilder (0.4ms)
  Rendered pokemon/_pokemon.json.jbuilder (4.6ms)
  Rendered pokemon/_pokemon.json.jbuilder (0.4ms)
  Rendered pokemon/_pokemon.json.jbuilder (0.4ms)
  Rendered pokemon/_pokemon.json.jbuilder (0.3ms)
  Rendered pokemon/_pokemon.json.jbuilder (0.7ms)
  Rendered pokemon/_pokemon.json.jbuilder (0.4ms)
  Rendered pokemon/_pokemon.json.jbuilder (0.6ms)
  Rendered pokemon/_pokemon.json.jbuilder (0.2ms)
  Rendered pokemon/_pokemon.json.jbuilder (0.2ms)
  Rendered pokemon/_pokemon.json.jbuilder (0.2ms)
  Rendered pokemon/_pokemon.json.jbuilder (0.3ms)
  Rendered pokemon/_pokemon.json.jbuilder (0.2ms)
  Rendered pokemon/_pokemon.json.jbuilder (0.3ms)
  Rendered pokemon/_pokemon.json.jbuilder (0.3ms)
  Rendered pokemon/_pokemon.json.jbuilder (0.3ms)
  Rendered pokemon/_pokemon.json.jbuilder (0.3ms)
  Rendered pokemon/_pokemon.json.jbuilder (0.4ms)
  Rendered pokemon/_pokemon.json.jbuilder (0.4ms)
  Rendered pokemon/_pokemon.json.jbuilder (0.4ms)
  Rendered pokemon/_pokemon.json.jbuilder (0.3ms)
  Rendered pokemon/_pokemon.json.jbuilder (0.6ms)
  Rendered pokemon/_pokemon.json.jbuilder (0.3ms)
  Rendered pokemon/_pokemon.json.jbuilder (0.3ms)
  Rendered pokemon/_pokemon.json.jbuilder (0.3ms)
  Rendered pokemon/_pokemon.json.jbuilder (0.7ms)
  Rendered pokemon/_pokemon.json.jbuilder (0.3ms)
  Rendered pokemon/_pokemon.json.jbuilder (0.4ms)
  Rendered pokemon/_pokemon.json.jbuilder (0.3ms)
  Rendered pokemon/_pokemon.json.jbuilder (0.4ms)
  Rendered pokemon/_pokemon.json.jbuilder (0.3ms)
  Rendered pokemon/_pokemon.json.jbuilder (0.3ms)
  Rendered pokemon/_pokemon.json.jbuilder (0.2ms)
  Rendered pokemon/_pokemon.json.jbuilder (0.3ms)
  Rendered pokemon/_pokemon.json.jbuilder (0.4ms)
  Rendered pokemon/_pokemon.json.jbuilder (0.2ms)
  Rendered pokemon/_pokemon.json.jbuilder (0.1ms)
  Rendered pokemon/_pokemon.json.jbuilder (0.1ms)
  Rendered pokemon/_pokemon.json.jbuilder (0.2ms)
  Rendered pokemon/_pokemon.json.jbuilder (0.1ms)
  Rendered pokemon/_pokemon.json.jbuilder (0.1ms)
  Rendered pokemon/_pokemon.json.jbuilder (0.1ms)
  Rendered pokemon/_pokemon.json.jbuilder (0.2ms)
  Rendered pokemon/_pokemon.json.jbuilder (0.2ms)
  Rendered pokemon/_pokemon.json.jbuilder (0.2ms)
  Rendered pokemon/_pokemon.json.jbuilder (0.2ms)
  Rendered pokemon/_pokemon.json.jbuilder (0.2ms)
  Rendered pokemon/_pokemon.json.jbuilder (0.2ms)
  Rendered pokemon/_pokemon.json.jbuilder (0.2ms)
  Rendered pokemon/_pokemon.json.jbuilder (0.3ms)
  Rendered pokemon/_pokemon.json.jbuilder (0.2ms)
  Rendered pokemon/_pokemon.json.jbuilder (0.3ms)
  Rendered pokemon/_pokemon.json.jbuilder (0.2ms)
  Rendered pokemon/_pokemon.json.jbuilder (0.3ms)
  Rendered pokemon/_pokemon.json.jbuilder (0.2ms)
  Rendered pokemon/_pokemon.json.jbuilder (0.2ms)
  Rendered pokemon/_pokemon.json.jbuilder (0.1ms)
  Rendered pokemon/_pokemon.json.jbuilder (0.2ms)
  Rendered pokemon/_pokemon.json.jbuilder (0.2ms)
  Rendered pokemon/_pokemon.json.jbuilder (0.2ms)
  Rendered pokemon/_pokemon.json.jbuilder (0.1ms)
  Rendered pokemon/_pokemon.json.jbuilder (0.1ms)
  Rendered pokemon/_pokemon.json.jbuilder (0.1ms)
  Rendered pokemon/_pokemon.json.jbuilder (0.1ms)
  Rendered pokemon/_pokemon.json.jbuilder (0.1ms)
  Rendered pokemon/_pokemon.json.jbuilder (0.1ms)
  Rendered pokemon/_pokemon.json.jbuilder (0.1ms)
  Rendered pokemon/_pokemon.json.jbuilder (0.2ms)
  Rendered pokemon/_pokemon.json.jbuilder (0.2ms)
  Rendered pokemon/_pokemon.json.jbuilder (0.3ms)
  Rendered pokemon/_pokemon.json.jbuilder (0.2ms)
  Rendered pokemon/_pokemon.json.jbuilder (0.2ms)
  Rendered pokemon/_pokemon.json.jbuilder (0.2ms)
  Rendered pokemon/_pokemon.json.jbuilder (0.2ms)
  Rendered pokemon/_pokemon.json.jbuilder (0.2ms)
  Rendered pokemon/_pokemon.json.jbuilder (0.2ms)
  Rendered pokemon/_pokemon.json.jbuilder (0.2ms)
  Rendered pokemon/_pokemon.json.jbuilder (0.2ms)
  Rendered pokemon/_pokemon.json.jbuilder (0.2ms)
  Rendered pokemon/_pokemon.json.jbuilder (0.3ms)
  Rendered pokemon/_pokemon.json.jbuilder (0.2ms)
  Rendered pokemon/_pokemon.json.jbuilder (0.2ms)
  Rendered pokemon/_pokemon.json.jbuilder (0.1ms)
  Rendered pokemon/_pokemon.json.jbuilder (0.1ms)
  Rendered pokemon/_pokemon.json.jbuilder (0.1ms)
  Rendered pokemon/_pokemon.json.jbuilder (0.2ms)
  Rendered pokemon/_pokemon.json.jbuilder (0.2ms)
  Rendered pokemon/_pokemon.json.jbuilder (0.1ms)
  Rendered pokemon/_pokemon.json.jbuilder (0.1ms)
  Rendered pokemon/_pokemon.json.jbuilder (0.1ms)
  Rendered pokemon/_pokemon.json.jbuilder (0.1ms)
  Rendered pokemon/_pokemon.json.jbuilder (0.1ms)
  Rendered pokemon/_pokemon.json.jbuilder (0.1ms)
  Rendered pokemon/_pokemon.json.jbuilder (0.1ms)
  Rendered pokemon/_pokemon.json.jbuilder (0.1ms)
  Rendered pokemon/_pokemon.json.jbuilder (0.1ms)
  Rendered pokemon/_pokemon.json.jbuilder (0.1ms)
  Rendered pokemon/_pokemon.json.jbuilder (0.2ms)
  Rendered pokemon/_pokemon.json.jbuilder (0.3ms)
  Rendered pokemon/_pokemon.json.jbuilder (0.2ms)
  Rendered pokemon/_pokemon.json.jbuilder (0.2ms)
  Rendered pokemon/_pokemon.json.jbuilder (0.2ms)
  Rendered pokemon/_pokemon.json.jbuilder (0.2ms)
  Rendered pokemon/_pokemon.json.jbuilder (0.2ms)
  Rendered pokemon/_pokemon.json.jbuilder (0.2ms)
  Rendered pokemon/_pokemon.json.jbuilder (0.2ms)
  Rendered pokemon/_pokemon.json.jbuilder (0.2ms)
  Rendered pokemon/_pokemon.json.jbuilder (0.2ms)
  Rendered pokemon/_pokemon.json.jbuilder (0.2ms)
  Rendered pokemon/_pokemon.json.jbuilder (0.2ms)
  Rendered pokemon/_pokemon.json.jbuilder (0.1ms)
  Rendered pokemon/_pokemon.json.jbuilder (0.1ms)
  Rendered pokemon/_pokemon.json.jbuilder (0.1ms)
  Rendered pokemon/_pokemon.json.jbuilder (0.1ms)
  Rendered pokemon/_pokemon.json.jbuilder (0.1ms)
  Rendered pokemon/_pokemon.json.jbuilder (0.1ms)
  Rendered pokemon/_pokemon.json.jbuilder (0.1ms)
  Rendered pokemon/_pokemon.json.jbuilder (0.1ms)
  Rendered pokemon/_pokemon.json.jbuilder (0.1ms)
  Rendered pokemon/_pokemon.json.jbuilder (0.1ms)
  Rendered pokemon/_pokemon.json.jbuilder (0.1ms)
  Rendered pokemon/_pokemon.json.jbuilder (0.1ms)
  Rendered pokemon/_pokemon.json.jbuilder (0.1ms)
  Rendered pokemon/_pokemon.json.jbuilder (0.1ms)
  Rendered pokemon/_pokemon.json.jbuilder (0.1ms)
  Rendered pokemon/_pokemon.json.jbuilder (0.2ms)
  Rendered pokemon/_pokemon.json.jbuilder (0.2ms)
  Rendered pokemon/_pokemon.json.jbuilder (0.2ms)
  Rendered pokemon/_pokemon.json.jbuilder (0.2ms)
  Rendered pokemon/_pokemon.json.jbuilder (0.2ms)
  Rendered pokemon/_pokemon.json.jbuilder (0.2ms)
  Rendered pokemon/_pokemon.json.jbuilder (0.2ms)
  Rendered pokemon/_pokemon.json.jbuilder (0.2ms)
  Rendered pokemon/_pokemon.json.jbuilder (0.2ms)
  Rendered pokemon/_pokemon.json.jbuilder (0.3ms)
  Rendered pokemon/_pokemon.json.jbuilder (0.2ms)
  Rendered pokemon/_pokemon.json.jbuilder (0.2ms)
  Rendered pokemon/_pokemon.json.jbuilder (0.1ms)
  Rendered pokemon/_pokemon.json.jbuilder (0.2ms)
  Rendered pokemon/_pokemon.json.jbuilder (0.1ms)
  Rendered pokemon/_pokemon.json.jbuilder (0.1ms)
  Rendered pokemon/_pokemon.json.jbuilder (0.1ms)
  Rendered pokemon/_pokemon.json.jbuilder (0.2ms)
  Rendered pokemon/_pokemon.json.jbuilder (0.2ms)
  Rendered pokemon/_pokemon.json.jbuilder (0.2ms)
  Rendered pokemon/_pokemon.json.jbuilder (0.1ms)
  Rendered pokemon/_pokemon.json.jbuilder (0.1ms)
  Rendered pokemon/_pokemon.json.jbuilder (0.1ms)
  Rendered pokemon/_pokemon.json.jbuilder (0.1ms)
  Rendered pokemon/_pokemon.json.jbuilder (0.1ms)
  Rendered pokemon/_pokemon.json.jbuilder (0.1ms)
  Rendered pokemon/_pokemon.json.jbuilder (0.1ms)
  Rendered pokemon/_pokemon.json.jbuilder (0.1ms)
  Rendered pokemon/_pokemon.json.jbuilder (0.1ms)
  Rendered pokemon/_pokemon.json.jbuilder (0.2ms)
  Rendered pokemon/_pokemon.json.jbuilder (0.2ms)
  Rendered pokemon/_pokemon.json.jbuilder (0.2ms)
  Rendered pokemon/_pokemon.json.jbuilder (0.2ms)
  Rendered pokemon/_pokemon.json.jbuilder (0.2ms)
  Rendered pokemon/_pokemon.json.jbuilder (0.2ms)
  Rendered pokemon/index.json.jbuilder (237.3ms)
Completed 200 OK in 240ms (Views: 237.7ms | ActiveRecord: 1.7ms)


Started GET "/assets/pokemon_snaps/010.png" for 127.0.0.1 at 2015-05-05 10:38:46 -0400


Started GET "/pokemon/1" for 127.0.0.1 at 2015-05-05 10:38:46 -0400
Processing by PokemonController#show as JSON
  Parameters: {"id"=>"1"}
  [1m[35mPokemon Load (1.1ms)[0m  SELECT  "pokemons".* FROM "pokemons"  WHERE "pokemons"."id" = $1 LIMIT 1  [["id", 1]]
  [1m[36mToy Load (1.0ms)[0m  [1mSELECT "toys".* FROM "toys"  WHERE "toys"."pokemon_id" = $1[0m  [["pokemon_id", 1]]
  Rendered toys/_toy.json.jbuilder (0.2ms)
  Rendered pokemon/_pokemon.json.jbuilder (4.4ms)
  Rendered pokemon/show.json.jbuilder (5.4ms)
Completed 200 OK in 10ms (Views: 7.0ms | ActiveRecord: 2.1ms)
